---------------------------------------
Begin Slurm Prolog: Apr-21-2026 15:10:42
Job ID:    5032297
User ID:   jpise3
Account:   coc
Job name:  soccertwos_baseline
Partition: coc-cpu
QOS:       coc-ice
---------------------------------------
/home/hice1/jpise3/scratch/conda/envs/soccertwos/lib/python3.8/site-packages/ray/autoscaler/_private/cli_logger.py:57: FutureWarning: Not all Ray CLI dependencies were found. In Ray 1.4+, the Ray CLI, autoscaler, and dashboard will only be usable via `pip install 'ray[default]'`. Please update your install command.
  warnings.warn(
WARNING: All log messages before absl::InitializeLog() is called are written to STDERR
I0000 00:00:1776798648.716664 3712441 fork_posix.cc:75] Other threads are currently calling into gRPC, skipping fork() handlers
[INFO] Connected to Unity environment with package version 2.1.0-exp.1 and communication version 1.5.0
INFO:mlagents_envs.environment:Connected to Unity environment with package version 2.1.0-exp.1 and communication version 1.5.0
[INFO] Connected new brain: SoccerTwos?team=1
INFO:mlagents_envs.environment:Connected new brain: SoccerTwos?team=1
[INFO] Connected new brain: SoccerTwos?team=0
INFO:mlagents_envs.environment:Connected new brain: SoccerTwos?team=0
2026-04-21 15:10:49,751	WARNING sample.py:401 -- DeprecationWarning: wrapping <function policy_mapping_fn at 0x1555551744c0> with tune.function() is no longer needed
[2m[33m(raylet)[0m /home/hice1/jpise3/scratch/conda/envs/soccertwos/lib/python3.8/site-packages/ray/autoscaler/_private/cli_logger.py:57: FutureWarning: Not all Ray CLI dependencies were found. In Ray 1.4+, the Ray CLI, autoscaler, and dashboard will only be usable via `pip install 'ray[default]'`. Please update your install command.
[2m[33m(raylet)[0m   warnings.warn(
2026-04-21 15:10:51,517	WARNING worker.py:1114 -- The agent on node atl1-1-02-010-2-1.pace.gatech.edu failed with the following error:
Traceback (most recent call last):
  File "/home/hice1/jpise3/scratch/conda/envs/soccertwos/lib/python3.8/site-packages/ray/new_dashboard/agent.py", line 326, in <module>
    loop.run_until_complete(agent.run())
  File "/home/hice1/jpise3/scratch/conda/envs/soccertwos/lib/python3.8/asyncio/base_events.py", line 616, in run_until_complete
    return future.result()
  File "/home/hice1/jpise3/scratch/conda/envs/soccertwos/lib/python3.8/site-packages/ray/new_dashboard/agent.py", line 138, in run
    modules = self._load_modules()
  File "/home/hice1/jpise3/scratch/conda/envs/soccertwos/lib/python3.8/site-packages/ray/new_dashboard/agent.py", line 92, in _load_modules
    c = cls(self)
  File "/home/hice1/jpise3/scratch/conda/envs/soccertwos/lib/python3.8/site-packages/ray/new_dashboard/modules/reporter/reporter_agent.py", line 148, in __init__
    self._metrics_agent = MetricsAgent(dashboard_agent.metrics_export_port)
  File "/home/hice1/jpise3/scratch/conda/envs/soccertwos/lib/python3.8/site-packages/ray/_private/metrics_agent.py", line 75, in __init__
    prometheus_exporter.new_stats_exporter(
  File "/home/hice1/jpise3/scratch/conda/envs/soccertwos/lib/python3.8/site-packages/ray/_private/prometheus_exporter.py", line 333, in new_stats_exporter
    exporter = PrometheusStatsExporter(
  File "/home/hice1/jpise3/scratch/conda/envs/soccertwos/lib/python3.8/site-packages/ray/_private/prometheus_exporter.py", line 266, in __init__
    self.serve_http()
  File "/home/hice1/jpise3/scratch/conda/envs/soccertwos/lib/python3.8/site-packages/ray/_private/prometheus_exporter.py", line 320, in serve_http
    start_http_server(
  File "/home/hice1/jpise3/scratch/conda/envs/soccertwos/lib/python3.8/site-packages/prometheus_client/exposition.py", line 231, in start_wsgi_server
    TmpServer.address_family, addr = _get_best_family(addr, port)
  File "/home/hice1/jpise3/scratch/conda/envs/soccertwos/lib/python3.8/site-packages/prometheus_client/exposition.py", line 169, in _get_best_family
    infos = socket.getaddrinfo(address, port, type=socket.SOCK_STREAM, flags=socket.AI_PASSIVE)
  File "/home/hice1/jpise3/scratch/conda/envs/soccertwos/lib/python3.8/socket.py", line 930, in getaddrinfo
    for res in _socket.getaddrinfo(host, port, family, type, proto, flags):
socket.gaierror: [Errno -2] Name or service not known

[2m[33m(raylet)[0m Traceback (most recent call last):
[2m[33m(raylet)[0m   File "/home/hice1/jpise3/scratch/conda/envs/soccertwos/lib/python3.8/site-packages/ray/new_dashboard/agent.py", line 338, in <module>
[2m[33m(raylet)[0m     raise e
[2m[33m(raylet)[0m   File "/home/hice1/jpise3/scratch/conda/envs/soccertwos/lib/python3.8/site-packages/ray/new_dashboard/agent.py", line 326, in <module>
[2m[33m(raylet)[0m     loop.run_until_complete(agent.run())
[2m[33m(raylet)[0m   File "/home/hice1/jpise3/scratch/conda/envs/soccertwos/lib/python3.8/asyncio/base_events.py", line 616, in run_until_complete
[2m[33m(raylet)[0m     return future.result()
[2m[33m(raylet)[0m   File "/home/hice1/jpise3/scratch/conda/envs/soccertwos/lib/python3.8/site-packages/ray/new_dashboard/agent.py", line 138, in run
[2m[33m(raylet)[0m     modules = self._load_modules()
[2m[33m(raylet)[0m   File "/home/hice1/jpise3/scratch/conda/envs/soccertwos/lib/python3.8/site-packages/ray/new_dashboard/agent.py", line 92, in _load_modules
[2m[33m(raylet)[0m     c = cls(self)
[2m[33m(raylet)[0m   File "/home/hice1/jpise3/scratch/conda/envs/soccertwos/lib/python3.8/site-packages/ray/new_dashboard/modules/reporter/reporter_agent.py", line 148, in __init__
[2m[33m(raylet)[0m     self._metrics_agent = MetricsAgent(dashboard_agent.metrics_export_port)
[2m[33m(raylet)[0m   File "/home/hice1/jpise3/scratch/conda/envs/soccertwos/lib/python3.8/site-packages/ray/_private/metrics_agent.py", line 75, in __init__
[2m[33m(raylet)[0m     prometheus_exporter.new_stats_exporter(
[2m[33m(raylet)[0m   File "/home/hice1/jpise3/scratch/conda/envs/soccertwos/lib/python3.8/site-packages/ray/_private/prometheus_exporter.py", line 333, in new_stats_exporter
[2m[33m(raylet)[0m     exporter = PrometheusStatsExporter(
[2m[33m(raylet)[0m   File "/home/hice1/jpise3/scratch/conda/envs/soccertwos/lib/python3.8/site-packages/ray/_private/prometheus_exporter.py", line 266, in __init__
[2m[33m(raylet)[0m     self.serve_http()
[2m[33m(raylet)[0m   File "/home/hice1/jpise3/scratch/conda/envs/soccertwos/lib/python3.8/site-packages/ray/_private/prometheus_exporter.py", line 320, in serve_http
[2m[33m(raylet)[0m     start_http_server(
[2m[33m(raylet)[0m   File "/home/hice1/jpise3/scratch/conda/envs/soccertwos/lib/python3.8/site-packages/prometheus_client/exposition.py", line 231, in start_wsgi_server
[2m[33m(raylet)[0m     TmpServer.address_family, addr = _get_best_family(addr, port)
[2m[33m(raylet)[0m   File "/home/hice1/jpise3/scratch/conda/envs/soccertwos/lib/python3.8/site-packages/prometheus_client/exposition.py", line 169, in _get_best_family
[2m[33m(raylet)[0m     infos = socket.getaddrinfo(address, port, type=socket.SOCK_STREAM, flags=socket.AI_PASSIVE)
[2m[33m(raylet)[0m   File "/home/hice1/jpise3/scratch/conda/envs/soccertwos/lib/python3.8/socket.py", line 930, in getaddrinfo
[2m[33m(raylet)[0m     for res in _socket.getaddrinfo(host, port, family, type, proto, flags):
[2m[33m(raylet)[0m socket.gaierror: [Errno -2] Name or service not known
[2m[36m(pid=3712614)[0m 2026-04-21 15:10:52,208	WARNING ppo.py:135 -- `train_batch_size` (4000) cannot be achieved with your other settings (num_workers=8 num_envs_per_worker=3 rollout_fragment_length=5000)! Auto-adjusting `rollout_fragment_length` to 166.
[2m[33m(raylet)[0m /home/hice1/jpise3/scratch/conda/envs/soccertwos/lib/python3.8/site-packages/ray/autoscaler/_private/cli_logger.py:57: FutureWarning: Not all Ray CLI dependencies were found. In Ray 1.4+, the Ray CLI, autoscaler, and dashboard will only be usable via `pip install 'ray[default]'`. Please update your install command.
[2m[33m(raylet)[0m   warnings.warn(
2026-04-21 15:10:54,475	WARNING worker.py:1114 -- The agent on node atl1-1-02-010-2-1.pace.gatech.edu failed with the following error:
Traceback (most recent call last):
  File "/home/hice1/jpise3/scratch/conda/envs/soccertwos/lib/python3.8/site-packages/ray/new_dashboard/agent.py", line 326, in <module>
    loop.run_until_complete(agent.run())
  File "/home/hice1/jpise3/scratch/conda/envs/soccertwos/lib/python3.8/asyncio/base_events.py", line 616, in run_until_complete
    return future.result()
  File "/home/hice1/jpise3/scratch/conda/envs/soccertwos/lib/python3.8/site-packages/ray/new_dashboard/agent.py", line 138, in run
    modules = self._load_modules()
  File "/home/hice1/jpise3/scratch/conda/envs/soccertwos/lib/python3.8/site-packages/ray/new_dashboard/agent.py", line 92, in _load_modules
    c = cls(self)
  File "/home/hice1/jpise3/scratch/conda/envs/soccertwos/lib/python3.8/site-packages/ray/new_dashboard/modules/reporter/reporter_agent.py", line 148, in __init__
    self._metrics_agent = MetricsAgent(dashboard_agent.metrics_export_port)
  File "/home/hice1/jpise3/scratch/conda/envs/soccertwos/lib/python3.8/site-packages/ray/_private/metrics_agent.py", line 75, in __init__
    prometheus_exporter.new_stats_exporter(
  File "/home/hice1/jpise3/scratch/conda/envs/soccertwos/lib/python3.8/site-packages/ray/_private/prometheus_exporter.py", line 333, in new_stats_exporter
    exporter = PrometheusStatsExporter(
  File "/home/hice1/jpise3/scratch/conda/envs/soccertwos/lib/python3.8/site-packages/ray/_private/prometheus_exporter.py", line 266, in __init__
    self.serve_http()
  File "/home/hice1/jpise3/scratch/conda/envs/soccertwos/lib/python3.8/site-packages/ray/_private/prometheus_exporter.py", line 320, in serve_http
    start_http_server(
  File "/home/hice1/jpise3/scratch/conda/envs/soccertwos/lib/python3.8/site-packages/prometheus_client/exposition.py", line 231, in start_wsgi_server
    TmpServer.address_family, addr = _get_best_family(addr, port)
  File "/home/hice1/jpise3/scratch/conda/envs/soccertwos/lib/python3.8/site-packages/prometheus_client/exposition.py", line 169, in _get_best_family
    infos = socket.getaddrinfo(address, port, type=socket.SOCK_STREAM, flags=socket.AI_PASSIVE)
  File "/home/hice1/jpise3/scratch/conda/envs/soccertwos/lib/python3.8/socket.py", line 930, in getaddrinfo
    for res in _socket.getaddrinfo(host, port, family, type, proto, flags):
socket.gaierror: [Errno -2] Name or service not known

[2m[33m(raylet)[0m Traceback (most recent call last):
[2m[33m(raylet)[0m   File "/home/hice1/jpise3/scratch/conda/envs/soccertwos/lib/python3.8/site-packages/ray/new_dashboard/agent.py", line 338, in <module>
[2m[33m(raylet)[0m     raise e
[2m[33m(raylet)[0m   File "/home/hice1/jpise3/scratch/conda/envs/soccertwos/lib/python3.8/site-packages/ray/new_dashboard/agent.py", line 326, in <module>
[2m[33m(raylet)[0m     loop.run_until_complete(agent.run())
[2m[33m(raylet)[0m   File "/home/hice1/jpise3/scratch/conda/envs/soccertwos/lib/python3.8/asyncio/base_events.py", line 616, in run_until_complete
[2m[33m(raylet)[0m     return future.result()
[2m[33m(raylet)[0m   File "/home/hice1/jpise3/scratch/conda/envs/soccertwos/lib/python3.8/site-packages/ray/new_dashboard/agent.py", line 138, in run
[2m[33m(raylet)[0m     modules = self._load_modules()
[2m[33m(raylet)[0m   File "/home/hice1/jpise3/scratch/conda/envs/soccertwos/lib/python3.8/site-packages/ray/new_dashboard/agent.py", line 92, in _load_modules
[2m[33m(raylet)[0m     c = cls(self)
[2m[33m(raylet)[0m   File "/home/hice1/jpise3/scratch/conda/envs/soccertwos/lib/python3.8/site-packages/ray/new_dashboard/modules/reporter/reporter_agent.py", line 148, in __init__
[2m[33m(raylet)[0m     self._metrics_agent = MetricsAgent(dashboard_agent.metrics_export_port)
[2m[33m(raylet)[0m   File "/home/hice1/jpise3/scratch/conda/envs/soccertwos/lib/python3.8/site-packages/ray/_private/metrics_agent.py", line 75, in __init__
[2m[33m(raylet)[0m     prometheus_exporter.new_stats_exporter(
[2m[33m(raylet)[0m   File "/home/hice1/jpise3/scratch/conda/envs/soccertwos/lib/python3.8/site-packages/ray/_private/prometheus_exporter.py", line 333, in new_stats_exporter
[2m[33m(raylet)[0m     exporter = PrometheusStatsExporter(
[2m[33m(raylet)[0m   File "/home/hice1/jpise3/scratch/conda/envs/soccertwos/lib/python3.8/site-packages/ray/_private/prometheus_exporter.py", line 266, in __init__
[2m[33m(raylet)[0m     self.serve_http()
[2m[33m(raylet)[0m   File "/home/hice1/jpise3/scratch/conda/envs/soccertwos/lib/python3.8/site-packages/ray/_private/prometheus_exporter.py", line 320, in serve_http
[2m[33m(raylet)[0m     start_http_server(
[2m[33m(raylet)[0m   File "/home/hice1/jpise3/scratch/conda/envs/soccertwos/lib/python3.8/site-packages/prometheus_client/exposition.py", line 231, in start_wsgi_server
[2m[33m(raylet)[0m     TmpServer.address_family, addr = _get_best_family(addr, port)
[2m[33m(raylet)[0m   File "/home/hice1/jpise3/scratch/conda/envs/soccertwos/lib/python3.8/site-packages/prometheus_client/exposition.py", line 169, in _get_best_family
[2m[33m(raylet)[0m     infos = socket.getaddrinfo(address, port, type=socket.SOCK_STREAM, flags=socket.AI_PASSIVE)
[2m[33m(raylet)[0m   File "/home/hice1/jpise3/scratch/conda/envs/soccertwos/lib/python3.8/socket.py", line 930, in getaddrinfo
[2m[33m(raylet)[0m     for res in _socket.getaddrinfo(host, port, family, type, proto, flags):
[2m[33m(raylet)[0m socket.gaierror: [Errno -2] Name or service not known
[2m[36m(pid=3712616)[0m WARNING: All log messages before absl::InitializeLog() is called are written to STDERR
[2m[36m(pid=3712616)[0m I0000 00:00:1776798654.603725 3712616 fork_posix.cc:75] Other threads are currently calling into gRPC, skipping fork() handlers
[2m[36m(pid=3712615)[0m WARNING: All log messages before absl::InitializeLog() is called are written to STDERR
[2m[36m(pid=3712615)[0m I0000 00:00:1776798654.602758 3712615 fork_posix.cc:75] Other threads are currently calling into gRPC, skipping fork() handlers
[2m[36m(pid=3712613)[0m WARNING: All log messages before absl::InitializeLog() is called are written to STDERR
[2m[36m(pid=3712613)[0m I0000 00:00:1776798654.646393 3712613 fork_posix.cc:75] Other threads are currently calling into gRPC, skipping fork() handlers
[2m[36m(pid=3712611)[0m WARNING: All log messages before absl::InitializeLog() is called are written to STDERR
[2m[36m(pid=3712611)[0m I0000 00:00:1776798654.639688 3712611 fork_posix.cc:75] Other threads are currently calling into gRPC, skipping fork() handlers
[2m[36m(pid=3712612)[0m WARNING: All log messages before absl::InitializeLog() is called are written to STDERR
[2m[36m(pid=3712612)[0m I0000 00:00:1776798654.659251 3712612 fork_posix.cc:75] Other threads are currently calling into gRPC, skipping fork() handlers
[2m[36m(pid=3712599)[0m WARNING: All log messages before absl::InitializeLog() is called are written to STDERR
[2m[36m(pid=3712599)[0m I0000 00:00:1776798654.679994 3712599 fork_posix.cc:75] Other threads are currently calling into gRPC, skipping fork() handlers
[2m[36m(pid=3712607)[0m WARNING: All log messages before absl::InitializeLog() is called are written to STDERR
[2m[36m(pid=3712607)[0m I0000 00:00:1776798654.711752 3712607 fork_posix.cc:75] Other threads are currently calling into gRPC, skipping fork() handlers
[2m[36m(pid=3712609)[0m WARNING: All log messages before absl::InitializeLog() is called are written to STDERR
[2m[36m(pid=3712609)[0m I0000 00:00:1776798654.665478 3712609 fork_posix.cc:75] Other threads are currently calling into gRPC, skipping fork() handlers
[2m[36m(pid=3712616)[0m INFO:mlagents_envs.environment:Connected to Unity environment with package version 2.1.0-exp.1 and communication version 1.5.0
[2m[36m(pid=3712615)[0m INFO:mlagents_envs.environment:Connected to Unity environment with package version 2.1.0-exp.1 and communication version 1.5.0
[2m[36m(pid=3712613)[0m INFO:mlagents_envs.environment:Connected to Unity environment with package version 2.1.0-exp.1 and communication version 1.5.0
[2m[36m(pid=3712611)[0m INFO:mlagents_envs.environment:Connected to Unity environment with package version 2.1.0-exp.1 and communication version 1.5.0
[2m[36m(pid=3712616)[0m INFO:mlagents_envs.environment:Connected new brain: SoccerTwos?team=1
[2m[36m(pid=3712616)[0m INFO:mlagents_envs.environment:Connected new brain: SoccerTwos?team=0
[2m[36m(pid=3712615)[0m INFO:mlagents_envs.environment:Connected new brain: SoccerTwos?team=1
[2m[36m(pid=3712615)[0m INFO:mlagents_envs.environment:Connected new brain: SoccerTwos?team=0
[2m[36m(pid=3712613)[0m INFO:mlagents_envs.environment:Connected new brain: SoccerTwos?team=1
[2m[36m(pid=3712613)[0m INFO:mlagents_envs.environment:Connected new brain: SoccerTwos?team=0
[2m[36m(pid=3712612)[0m INFO:mlagents_envs.environment:Connected to Unity environment with package version 2.1.0-exp.1 and communication version 1.5.0
[2m[36m(pid=3712599)[0m INFO:mlagents_envs.environment:Connected to Unity environment with package version 2.1.0-exp.1 and communication version 1.5.0
[2m[36m(pid=3712607)[0m INFO:mlagents_envs.environment:Connected to Unity environment with package version 2.1.0-exp.1 and communication version 1.5.0
[2m[36m(pid=3712609)[0m INFO:mlagents_envs.environment:Connected to Unity environment with package version 2.1.0-exp.1 and communication version 1.5.0
[2m[36m(pid=3712616)[0m 2026-04-21 15:10:55,512	INFO ppo_tf_policy.py:327 -- `vf_share_layers=True` in your model. Therefore, remember to tune the value of `vf_loss_coeff`!
[2m[36m(pid=3712616)[0m 2026-04-21 15:10:55,520	INFO torch_policy.py:134 -- TorchPolicy (worker=2) running on CPU.
[2m[36m(pid=3712615)[0m 2026-04-21 15:10:55,510	INFO ppo_tf_policy.py:327 -- `vf_share_layers=True` in your model. Therefore, remember to tune the value of `vf_loss_coeff`!
[2m[36m(pid=3712615)[0m 2026-04-21 15:10:55,518	INFO torch_policy.py:134 -- TorchPolicy (worker=1) running on CPU.
[2m[36m(pid=3712613)[0m 2026-04-21 15:10:55,507	INFO ppo_tf_policy.py:327 -- `vf_share_layers=True` in your model. Therefore, remember to tune the value of `vf_loss_coeff`!
[2m[36m(pid=3712613)[0m 2026-04-21 15:10:55,516	INFO torch_policy.py:134 -- TorchPolicy (worker=4) running on CPU.
[2m[36m(pid=3712611)[0m INFO:mlagents_envs.environment:Connected new brain: SoccerTwos?team=1
[2m[36m(pid=3712611)[0m INFO:mlagents_envs.environment:Connected new brain: SoccerTwos?team=0
[2m[36m(pid=3712611)[0m 2026-04-21 15:10:55,522	INFO ppo_tf_policy.py:327 -- `vf_share_layers=True` in your model. Therefore, remember to tune the value of `vf_loss_coeff`!
[2m[36m(pid=3712612)[0m INFO:mlagents_envs.environment:Connected new brain: SoccerTwos?team=1
[2m[36m(pid=3712612)[0m INFO:mlagents_envs.environment:Connected new brain: SoccerTwos?team=0
[2m[36m(pid=3712599)[0m INFO:mlagents_envs.environment:Connected new brain: SoccerTwos?team=1
[2m[36m(pid=3712599)[0m INFO:mlagents_envs.environment:Connected new brain: SoccerTwos?team=0
[2m[36m(pid=3712609)[0m INFO:mlagents_envs.environment:Connected new brain: SoccerTwos?team=1
[2m[36m(pid=3712609)[0m INFO:mlagents_envs.environment:Connected new brain: SoccerTwos?team=0
[2m[36m(pid=3712616)[0m 2026-04-21 15:10:55,577	INFO ppo_tf_policy.py:327 -- `vf_share_layers=True` in your model. Therefore, remember to tune the value of `vf_loss_coeff`!
[2m[36m(pid=3712615)[0m 2026-04-21 15:10:55,576	INFO ppo_tf_policy.py:327 -- `vf_share_layers=True` in your model. Therefore, remember to tune the value of `vf_loss_coeff`!
[2m[36m(pid=3712615)[0m 2026-04-21 15:10:55,580	INFO torch_policy.py:134 -- TorchPolicy (worker=1) running on CPU.
[2m[36m(pid=3712613)[0m 2026-04-21 15:10:55,573	INFO ppo_tf_policy.py:327 -- `vf_share_layers=True` in your model. Therefore, remember to tune the value of `vf_loss_coeff`!
[2m[36m(pid=3712613)[0m 2026-04-21 15:10:55,578	INFO torch_policy.py:134 -- TorchPolicy (worker=4) running on CPU.
[2m[36m(pid=3712611)[0m 2026-04-21 15:10:55,531	INFO torch_policy.py:134 -- TorchPolicy (worker=3) running on CPU.
[2m[36m(pid=3712612)[0m 2026-04-21 15:10:55,548	INFO ppo_tf_policy.py:327 -- `vf_share_layers=True` in your model. Therefore, remember to tune the value of `vf_loss_coeff`!
[2m[36m(pid=3712612)[0m 2026-04-21 15:10:55,556	INFO torch_policy.py:134 -- TorchPolicy (worker=6) running on CPU.
[2m[36m(pid=3712599)[0m 2026-04-21 15:10:55,556	INFO ppo_tf_policy.py:327 -- `vf_share_layers=True` in your model. Therefore, remember to tune the value of `vf_loss_coeff`!
[2m[36m(pid=3712599)[0m 2026-04-21 15:10:55,564	INFO torch_policy.py:134 -- TorchPolicy (worker=8) running on CPU.
[2m[36m(pid=3712607)[0m INFO:mlagents_envs.environment:Connected new brain: SoccerTwos?team=1
[2m[36m(pid=3712607)[0m INFO:mlagents_envs.environment:Connected new brain: SoccerTwos?team=0
[2m[36m(pid=3712607)[0m 2026-04-21 15:10:55,569	INFO ppo_tf_policy.py:327 -- `vf_share_layers=True` in your model. Therefore, remember to tune the value of `vf_loss_coeff`!
[2m[36m(pid=3712607)[0m 2026-04-21 15:10:55,577	INFO torch_policy.py:134 -- TorchPolicy (worker=7) running on CPU.
[2m[36m(pid=3712609)[0m 2026-04-21 15:10:55,552	INFO ppo_tf_policy.py:327 -- `vf_share_layers=True` in your model. Therefore, remember to tune the value of `vf_loss_coeff`!
[2m[36m(pid=3712609)[0m 2026-04-21 15:10:55,560	INFO torch_policy.py:134 -- TorchPolicy (worker=5) running on CPU.
[2m[36m(pid=3712616)[0m 2026-04-21 15:10:55,582	INFO torch_policy.py:134 -- TorchPolicy (worker=2) running on CPU.
[2m[36m(pid=3712615)[0m 2026-04-21 15:10:55,634	INFO ppo_tf_policy.py:327 -- `vf_share_layers=True` in your model. Therefore, remember to tune the value of `vf_loss_coeff`!
[2m[36m(pid=3712613)[0m 2026-04-21 15:10:55,631	INFO ppo_tf_policy.py:327 -- `vf_share_layers=True` in your model. Therefore, remember to tune the value of `vf_loss_coeff`!
[2m[36m(pid=3712611)[0m 2026-04-21 15:10:55,589	INFO ppo_tf_policy.py:327 -- `vf_share_layers=True` in your model. Therefore, remember to tune the value of `vf_loss_coeff`!
[2m[36m(pid=3712611)[0m 2026-04-21 15:10:55,593	INFO torch_policy.py:134 -- TorchPolicy (worker=3) running on CPU.
[2m[36m(pid=3712612)[0m 2026-04-21 15:10:55,613	INFO ppo_tf_policy.py:327 -- `vf_share_layers=True` in your model. Therefore, remember to tune the value of `vf_loss_coeff`!
[2m[36m(pid=3712612)[0m 2026-04-21 15:10:55,618	INFO torch_policy.py:134 -- TorchPolicy (worker=6) running on CPU.
[2m[36m(pid=3712599)[0m 2026-04-21 15:10:55,621	INFO ppo_tf_policy.py:327 -- `vf_share_layers=True` in your model. Therefore, remember to tune the value of `vf_loss_coeff`!
[2m[36m(pid=3712599)[0m 2026-04-21 15:10:55,625	INFO torch_policy.py:134 -- TorchPolicy (worker=8) running on CPU.
[2m[36m(pid=3712607)[0m 2026-04-21 15:10:55,633	INFO ppo_tf_policy.py:327 -- `vf_share_layers=True` in your model. Therefore, remember to tune the value of `vf_loss_coeff`!
[2m[36m(pid=3712609)[0m 2026-04-21 15:10:55,619	INFO ppo_tf_policy.py:327 -- `vf_share_layers=True` in your model. Therefore, remember to tune the value of `vf_loss_coeff`!
[2m[36m(pid=3712609)[0m 2026-04-21 15:10:55,624	INFO torch_policy.py:134 -- TorchPolicy (worker=5) running on CPU.
[2m[36m(pid=3712616)[0m 2026-04-21 15:10:55,635	INFO ppo_tf_policy.py:327 -- `vf_share_layers=True` in your model. Therefore, remember to tune the value of `vf_loss_coeff`!
[2m[36m(pid=3712613)[0m 2026-04-21 15:10:55,636	INFO torch_policy.py:134 -- TorchPolicy (worker=4) running on CPU.
[2m[36m(pid=3712616)[0m 2026-04-21 15:10:55,640	INFO torch_policy.py:134 -- TorchPolicy (worker=2) running on CPU.
[2m[36m(pid=3712615)[0m 2026-04-21 15:10:55,639	INFO torch_policy.py:134 -- TorchPolicy (worker=1) running on CPU.
[2m[36m(pid=3712613)[0m 2026-04-21 15:10:55,688	INFO ppo_tf_policy.py:327 -- `vf_share_layers=True` in your model. Therefore, remember to tune the value of `vf_loss_coeff`!
[2m[36m(pid=3712611)[0m 2026-04-21 15:10:55,648	INFO ppo_tf_policy.py:327 -- `vf_share_layers=True` in your model. Therefore, remember to tune the value of `vf_loss_coeff`!
[2m[36m(pid=3712611)[0m 2026-04-21 15:10:55,652	INFO torch_policy.py:134 -- TorchPolicy (worker=3) running on CPU.
[2m[36m(pid=3712612)[0m 2026-04-21 15:10:55,671	INFO ppo_tf_policy.py:327 -- `vf_share_layers=True` in your model. Therefore, remember to tune the value of `vf_loss_coeff`!
[2m[36m(pid=3712612)[0m 2026-04-21 15:10:55,676	INFO torch_policy.py:134 -- TorchPolicy (worker=6) running on CPU.
[2m[36m(pid=3712599)[0m 2026-04-21 15:10:55,678	INFO ppo_tf_policy.py:327 -- `vf_share_layers=True` in your model. Therefore, remember to tune the value of `vf_loss_coeff`!
[2m[36m(pid=3712599)[0m 2026-04-21 15:10:55,682	INFO torch_policy.py:134 -- TorchPolicy (worker=8) running on CPU.
[2m[36m(pid=3712607)[0m 2026-04-21 15:10:55,638	INFO torch_policy.py:134 -- TorchPolicy (worker=7) running on CPU.
[2m[36m(pid=3712609)[0m 2026-04-21 15:10:55,677	INFO ppo_tf_policy.py:327 -- `vf_share_layers=True` in your model. Therefore, remember to tune the value of `vf_loss_coeff`!
[2m[36m(pid=3712609)[0m 2026-04-21 15:10:55,682	INFO torch_policy.py:134 -- TorchPolicy (worker=5) running on CPU.
[2m[36m(pid=3712616)[0m 2026-04-21 15:10:55,692	INFO ppo_tf_policy.py:327 -- `vf_share_layers=True` in your model. Therefore, remember to tune the value of `vf_loss_coeff`!
[2m[36m(pid=3712616)[0m 2026-04-21 15:10:55,696	INFO torch_policy.py:134 -- TorchPolicy (worker=2) running on CPU.
[2m[36m(pid=3712615)[0m 2026-04-21 15:10:55,691	INFO ppo_tf_policy.py:327 -- `vf_share_layers=True` in your model. Therefore, remember to tune the value of `vf_loss_coeff`!
[2m[36m(pid=3712615)[0m 2026-04-21 15:10:55,695	INFO torch_policy.py:134 -- TorchPolicy (worker=1) running on CPU.
[2m[36m(pid=3712613)[0m 2026-04-21 15:10:55,692	INFO torch_policy.py:134 -- TorchPolicy (worker=4) running on CPU.
[2m[36m(pid=3712611)[0m 2026-04-21 15:10:55,706	INFO ppo_tf_policy.py:327 -- `vf_share_layers=True` in your model. Therefore, remember to tune the value of `vf_loss_coeff`!
[2m[36m(pid=3712611)[0m 2026-04-21 15:10:55,710	INFO torch_policy.py:134 -- TorchPolicy (worker=3) running on CPU.
[2m[36m(pid=3712612)[0m 2026-04-21 15:10:55,728	INFO ppo_tf_policy.py:327 -- `vf_share_layers=True` in your model. Therefore, remember to tune the value of `vf_loss_coeff`!
[2m[36m(pid=3712612)[0m 2026-04-21 15:10:55,732	INFO torch_policy.py:134 -- TorchPolicy (worker=6) running on CPU.
[2m[36m(pid=3712599)[0m 2026-04-21 15:10:55,734	INFO ppo_tf_policy.py:327 -- `vf_share_layers=True` in your model. Therefore, remember to tune the value of `vf_loss_coeff`!
[2m[36m(pid=3712599)[0m 2026-04-21 15:10:55,738	INFO torch_policy.py:134 -- TorchPolicy (worker=8) running on CPU.
[2m[36m(pid=3712607)[0m 2026-04-21 15:10:55,691	INFO ppo_tf_policy.py:327 -- `vf_share_layers=True` in your model. Therefore, remember to tune the value of `vf_loss_coeff`!
[2m[36m(pid=3712607)[0m 2026-04-21 15:10:55,695	INFO torch_policy.py:134 -- TorchPolicy (worker=7) running on CPU.
[2m[36m(pid=3712609)[0m 2026-04-21 15:10:55,734	INFO ppo_tf_policy.py:327 -- `vf_share_layers=True` in your model. Therefore, remember to tune the value of `vf_loss_coeff`!
[2m[36m(pid=3712609)[0m 2026-04-21 15:10:55,738	INFO torch_policy.py:134 -- TorchPolicy (worker=5) running on CPU.
[2m[36m(pid=3712615)[0m I0000 00:00:1776798655.755080 3712615 fork_posix.cc:75] Other threads are currently calling into gRPC, skipping fork() handlers
[2m[36m(pid=3712612)[0m I0000 00:00:1776798655.777005 3712612 fork_posix.cc:75] Other threads are currently calling into gRPC, skipping fork() handlers
[2m[36m(pid=3712607)[0m 2026-04-21 15:10:55,747	INFO ppo_tf_policy.py:327 -- `vf_share_layers=True` in your model. Therefore, remember to tune the value of `vf_loss_coeff`!
[2m[36m(pid=3712607)[0m 2026-04-21 15:10:55,751	INFO torch_policy.py:134 -- TorchPolicy (worker=7) running on CPU.
[2m[36m(pid=3712607)[0m I0000 00:00:1776798655.796056 3712607 fork_posix.cc:75] Other threads are currently calling into gRPC, skipping fork() handlers
[2m[36m(pid=3712615)[0m INFO:mlagents_envs.environment:Connected to Unity environment with package version 2.1.0-exp.1 and communication version 1.5.0
[2m[33m(raylet)[0m /home/hice1/jpise3/scratch/conda/envs/soccertwos/lib/python3.8/site-packages/ray/autoscaler/_private/cli_logger.py:57: FutureWarning: Not all Ray CLI dependencies were found. In Ray 1.4+, the Ray CLI, autoscaler, and dashboard will only be usable via `pip install 'ray[default]'`. Please update your install command.
[2m[33m(raylet)[0m   warnings.warn(
[2m[36m(pid=3712612)[0m INFO:mlagents_envs.environment:Connected to Unity environment with package version 2.1.0-exp.1 and communication version 1.5.0
[2m[36m(pid=3712607)[0m INFO:mlagents_envs.environment:Connected to Unity environment with package version 2.1.0-exp.1 and communication version 1.5.0
[2m[36m(pid=3712615)[0m INFO:mlagents_envs.environment:Connected new brain: SoccerTwos?team=1
[2m[36m(pid=3712615)[0m INFO:mlagents_envs.environment:Connected new brain: SoccerTwos?team=0
[2m[36m(pid=3712612)[0m INFO:mlagents_envs.environment:Connected new brain: SoccerTwos?team=1
[2m[36m(pid=3712612)[0m INFO:mlagents_envs.environment:Connected new brain: SoccerTwos?team=0
[2m[36m(pid=3712607)[0m INFO:mlagents_envs.environment:Connected new brain: SoccerTwos?team=1
[2m[36m(pid=3712607)[0m INFO:mlagents_envs.environment:Connected new brain: SoccerTwos?team=0
[2m[36m(pid=3712607)[0m I0000 00:00:1776798656.567149 3712607 fork_posix.cc:75] Other threads are currently calling into gRPC, skipping fork() handlers
[2m[36m(pid=3712615)[0m I0000 00:00:1776798656.755287 3712615 fork_posix.cc:75] Other threads are currently calling into gRPC, skipping fork() handlers
[2m[36m(pid=3712616)[0m INFO:mlagents_envs.environment:Connected to Unity environment with package version 2.1.0-exp.1 and communication version 1.5.0
[2m[36m(pid=3712616)[0m INFO:mlagents_envs.environment:Connected new brain: SoccerTwos?team=1
[2m[36m(pid=3712616)[0m INFO:mlagents_envs.environment:Connected new brain: SoccerTwos?team=0
[2m[36m(pid=3712616)[0m I0000 00:00:1776798656.972387 3712616 fork_posix.cc:75] Other threads are currently calling into gRPC, skipping fork() handlers
[2m[36m(pid=3712613)[0m INFO:mlagents_envs.environment:Connected to Unity environment with package version 2.1.0-exp.1 and communication version 1.5.0
[2m[36m(pid=3712611)[0m INFO:mlagents_envs.environment:Connected to Unity environment with package version 2.1.0-exp.1 and communication version 1.5.0
[2m[36m(pid=3712599)[0m INFO:mlagents_envs.environment:Connected to Unity environment with package version 2.1.0-exp.1 and communication version 1.5.0
[2m[36m(pid=3712609)[0m INFO:mlagents_envs.environment:Connected to Unity environment with package version 2.1.0-exp.1 and communication version 1.5.0
[2m[36m(pid=3712613)[0m INFO:mlagents_envs.environment:Connected new brain: SoccerTwos?team=1
[2m[36m(pid=3712613)[0m INFO:mlagents_envs.environment:Connected new brain: SoccerTwos?team=0
[2m[36m(pid=3712611)[0m INFO:mlagents_envs.environment:Connected new brain: SoccerTwos?team=1
[2m[36m(pid=3712611)[0m INFO:mlagents_envs.environment:Connected new brain: SoccerTwos?team=0
[2m[36m(pid=3712599)[0m INFO:mlagents_envs.environment:Connected new brain: SoccerTwos?team=1
[2m[36m(pid=3712599)[0m INFO:mlagents_envs.environment:Connected new brain: SoccerTwos?team=0
[2m[36m(pid=3712609)[0m INFO:mlagents_envs.environment:Connected new brain: SoccerTwos?team=1
[2m[36m(pid=3712609)[0m INFO:mlagents_envs.environment:Connected new brain: SoccerTwos?team=0
[2m[36m(pid=3712613)[0m I0000 00:00:1776798657.086211 3712613 fork_posix.cc:75] Other threads are currently calling into gRPC, skipping fork() handlers
[2m[36m(pid=3712611)[0m I0000 00:00:1776798657.087290 3712611 fork_posix.cc:75] Other threads are currently calling into gRPC, skipping fork() handlers
[2m[36m(pid=3712599)[0m E0000 00:00:1776798657.086029 3712599 chttp2_server.cc:1672] UNKNOWN:No address added out of total 1 resolved for '[::]:53362' {created_time:"2026-04-21T15:10:57.086019459-04:00", children:[UNKNOWN:Failed to add any wildcard listeners {created_time:"2026-04-21T15:10:57.085991644-04:00", children:[UNKNOWN:Unable to configure socket {fd:66, created_time:"2026-04-21T15:10:57.085944822-04:00", children:[UNKNOWN:bind: Address already in use (98) {created_time:"2026-04-21T15:10:57.085891401-04:00"}]}, UNKNOWN:Unable to configure socket {created_time:"2026-04-21T15:10:57.085988959-04:00", fd:66, children:[UNKNOWN:bind: Address already in use (98) {created_time:"2026-04-21T15:10:57.085985384-04:00"}]}]}]}
[2m[36m(pid=3712599)[0m 2026-04-21 15:10:57,091	ERROR worker.py:409 -- Exception raised in creation task: The actor died because of an error raised in its creation task, [36mray::RolloutWorker.__init__()[39m (pid=3712599, ip=172.27.146.140)
[2m[36m(pid=3712599)[0m   File "/home/hice1/jpise3/scratch/conda/envs/soccertwos/lib/python3.8/site-packages/grpc/_server.py", line 1473, in add_insecure_port
[2m[36m(pid=3712599)[0m     return _common.validate_port_binding_result(
[2m[36m(pid=3712599)[0m   File "/home/hice1/jpise3/scratch/conda/envs/soccertwos/lib/python3.8/site-packages/grpc/_common.py", line 181, in validate_port_binding_result
[2m[36m(pid=3712599)[0m     raise RuntimeError(_ERROR_MESSAGE_PORT_BINDING_FAILED % address)
[2m[36m(pid=3712599)[0m RuntimeError: Failed to bind to address [::]:53362; set GRPC_VERBOSITY=debug environment variable to see detailed error message.
[2m[36m(pid=3712599)[0m 
[2m[36m(pid=3712599)[0m During handling of the above exception, another exception occurred:
[2m[36m(pid=3712599)[0m 
[2m[36m(pid=3712599)[0m [36mray::RolloutWorker.__init__()[39m (pid=3712599, ip=172.27.146.140)
[2m[36m(pid=3712599)[0m   File "python/ray/_raylet.pyx", line 490, in ray._raylet.execute_task
[2m[36m(pid=3712599)[0m   File "python/ray/_raylet.pyx", line 497, in ray._raylet.execute_task
[2m[36m(pid=3712599)[0m   File "python/ray/_raylet.pyx", line 501, in ray._raylet.execute_task
[2m[36m(pid=3712599)[0m   File "python/ray/_raylet.pyx", line 451, in ray._raylet.execute_task.function_executor
[2m[36m(pid=3712599)[0m   File "/home/hice1/jpise3/scratch/conda/envs/soccertwos/lib/python3.8/site-packages/ray/_private/function_manager.py", line 563, in actor_method_executor
[2m[36m(pid=3712599)[0m     return method(__ray_actor, *args, **kwargs)
[2m[36m(pid=3712599)[0m   File "/home/hice1/jpise3/scratch/conda/envs/soccertwos/lib/python3.8/site-packages/ray/rllib/evaluation/rollout_worker.py", line 594, in __init__
[2m[36m(pid=3712599)[0m     self.async_env: BaseEnv = BaseEnv.to_base_env(
[2m[36m(pid=3712599)[0m   File "/home/hice1/jpise3/scratch/conda/envs/soccertwos/lib/python3.8/site-packages/ray/rllib/env/base_env.py", line 108, in to_base_env
[2m[36m(pid=3712599)[0m     env = _MultiAgentEnvToBaseEnv(
[2m[36m(pid=3712599)[0m   File "/home/hice1/jpise3/scratch/conda/envs/soccertwos/lib/python3.8/site-packages/ray/rllib/env/base_env.py", line 402, in __init__
[2m[36m(pid=3712599)[0m     self.envs.append(self.make_env(len(self.envs)))
[2m[36m(pid=3712599)[0m   File "/home/hice1/jpise3/scratch/conda/envs/soccertwos/lib/python3.8/site-packages/ray/rllib/evaluation/rollout_worker.py", line 469, in make_env
[2m[36m(pid=3712599)[0m     env_creator(
[2m[36m(pid=3712599)[0m   File "/storage/ice1/3/0/jpise3/soccer-twos-starter/utils.py", line 58, in create_rllib_env
[2m[36m(pid=3712599)[0m     env = soccer_twos.make(**env_config)
[2m[36m(pid=3712599)[0m   File "/home/hice1/jpise3/scratch/conda/envs/soccertwos/lib/python3.8/site-packages/soccer_twos/__init__.py", line 89, in make
[2m[36m(pid=3712599)[0m     unity_env = UnityEnvironment(
[2m[36m(pid=3712599)[0m   File "/home/hice1/jpise3/scratch/conda/envs/soccertwos/lib/python3.8/site-packages/mlagents_envs/environment.py", line 187, in __init__
[2m[36m(pid=3712599)[0m     self._communicator = self._get_communicator(worker_id, base_port, timeout_wait)
[2m[36m(pid=3712599)[0m   File "/home/hice1/jpise3/scratch/conda/envs/soccertwos/lib/python3.8/site-packages/mlagents_envs/environment.py", line 252, in _get_communicator
[2m[36m(pid=3712599)[0m     return RpcCommunicator(worker_id, base_port, timeout_wait)
[2m[36m(pid=3712599)[0m   File "/home/hice1/jpise3/scratch/conda/envs/soccertwos/lib/python3.8/site-packages/mlagents_envs/rpc_communicator.py", line 51, in __init__
[2m[36m(pid=3712599)[0m     self.create_server()
[2m[36m(pid=3712599)[0m   File "/home/hice1/jpise3/scratch/conda/envs/soccertwos/lib/python3.8/site-packages/mlagents_envs/rpc_communicator.py", line 72, in create_server
[2m[36m(pid=3712599)[0m     raise UnityWorkerInUseException(self.worker_id)
[2m[36m(pid=3712599)[0m mlagents_envs.exception.UnityWorkerInUseException: Couldn't start socket communication because worker number 3323 is still in use. You may need to manually close a previously opened environment or use a different worker number.
[2m[36m(pid=3712609)[0m I0000 00:00:1776798657.086201 3712609 fork_posix.cc:75] Other threads are currently calling into gRPC, skipping fork() handlers
[2m[36m(pid=3712599)[0m Error in atexit._run_exitfuncs:
[2m[36m(pid=3712599)[0m Traceback (most recent call last):
[2m[36m(pid=3712599)[0m   File "/home/hice1/jpise3/scratch/conda/envs/soccertwos/lib/python3.8/site-packages/mlagents_envs/environment.py", line 424, in _close
[2m[36m(pid=3712599)[0m     self._communicator.close()
[2m[36m(pid=3712599)[0m AttributeError: 'UnityEnvironment' object has no attribute '_communicator'
[2m[36m(pid=3712607)[0m INFO:mlagents_envs.environment:Connected to Unity environment with package version 2.1.0-exp.1 and communication version 1.5.0
[2m[36m(pid=3712607)[0m INFO:mlagents_envs.environment:Connected new brain: SoccerTwos?team=1
[2m[36m(pid=3712607)[0m INFO:mlagents_envs.environment:Connected new brain: SoccerTwos?team=0
[2m[36m(pid=3712615)[0m INFO:mlagents_envs.environment:Connected to Unity environment with package version 2.1.0-exp.1 and communication version 1.5.0
[2m[36m(pid=3712612)[0m INFO:mlagents_envs.environment:Connected to Unity environment with package version 2.1.0-exp.1 and communication version 1.5.0
2026-04-21 15:10:57,508	WARNING worker.py:1114 -- The agent on node atl1-1-02-010-2-1.pace.gatech.edu failed with the following error:
Traceback (most recent call last):
  File "/home/hice1/jpise3/scratch/conda/envs/soccertwos/lib/python3.8/site-packages/ray/new_dashboard/agent.py", line 326, in <module>
    loop.run_until_complete(agent.run())
  File "/home/hice1/jpise3/scratch/conda/envs/soccertwos/lib/python3.8/asyncio/base_events.py", line 616, in run_until_complete
    return future.result()
  File "/home/hice1/jpise3/scratch/conda/envs/soccertwos/lib/python3.8/site-packages/ray/new_dashboard/agent.py", line 138, in run
    modules = self._load_modules()
  File "/home/hice1/jpise3/scratch/conda/envs/soccertwos/lib/python3.8/site-packages/ray/new_dashboard/agent.py", line 92, in _load_modules
    c = cls(self)
  File "/home/hice1/jpise3/scratch/conda/envs/soccertwos/lib/python3.8/site-packages/ray/new_dashboard/modules/reporter/reporter_agent.py", line 148, in __init__
    self._metrics_agent = MetricsAgent(dashboard_agent.metrics_export_port)
  File "/home/hice1/jpise3/scratch/conda/envs/soccertwos/lib/python3.8/site-packages/ray/_private/metrics_agent.py", line 75, in __init__
    prometheus_exporter.new_stats_exporter(
  File "/home/hice1/jpise3/scratch/conda/envs/soccertwos/lib/python3.8/site-packages/ray/_private/prometheus_exporter.py", line 333, in new_stats_exporter
    exporter = PrometheusStatsExporter(
  File "/home/hice1/jpise3/scratch/conda/envs/soccertwos/lib/python3.8/site-packages/ray/_private/prometheus_exporter.py", line 266, in __init__
    self.serve_http()
  File "/home/hice1/jpise3/scratch/conda/envs/soccertwos/lib/python3.8/site-packages/ray/_private/prometheus_exporter.py", line 320, in serve_http
    start_http_server(
  File "/home/hice1/jpise3/scratch/conda/envs/soccertwos/lib/python3.8/site-packages/prometheus_client/exposition.py", line 231, in start_wsgi_server
    TmpServer.address_family, addr = _get_best_family(addr, port)
  File "/home/hice1/jpise3/scratch/conda/envs/soccertwos/lib/python3.8/site-packages/prometheus_client/exposition.py", line 169, in _get_best_family
    infos = socket.getaddrinfo(address, port, type=socket.SOCK_STREAM, flags=socket.AI_PASSIVE)
  File "/home/hice1/jpise3/scratch/conda/envs/soccertwos/lib/python3.8/socket.py", line 930, in getaddrinfo
    for res in _socket.getaddrinfo(host, port, family, type, proto, flags):
socket.gaierror: [Errno -2] Name or service not known

[2m[33m(raylet)[0m Traceback (most recent call last):
[2m[33m(raylet)[0m   File "/home/hice1/jpise3/scratch/conda/envs/soccertwos/lib/python3.8/site-packages/ray/new_dashboard/agent.py", line 338, in <module>
[2m[33m(raylet)[0m     raise e
[2m[33m(raylet)[0m   File "/home/hice1/jpise3/scratch/conda/envs/soccertwos/lib/python3.8/site-packages/ray/new_dashboard/agent.py", line 326, in <module>
[2m[33m(raylet)[0m     loop.run_until_complete(agent.run())
[2m[33m(raylet)[0m   File "/home/hice1/jpise3/scratch/conda/envs/soccertwos/lib/python3.8/asyncio/base_events.py", line 616, in run_until_complete
[2m[33m(raylet)[0m     return future.result()
[2m[33m(raylet)[0m   File "/home/hice1/jpise3/scratch/conda/envs/soccertwos/lib/python3.8/site-packages/ray/new_dashboard/agent.py", line 138, in run
[2m[33m(raylet)[0m     modules = self._load_modules()
[2m[33m(raylet)[0m   File "/home/hice1/jpise3/scratch/conda/envs/soccertwos/lib/python3.8/site-packages/ray/new_dashboard/agent.py", line 92, in _load_modules
[2m[33m(raylet)[0m     c = cls(self)
[2m[33m(raylet)[0m   File "/home/hice1/jpise3/scratch/conda/envs/soccertwos/lib/python3.8/site-packages/ray/new_dashboard/modules/reporter/reporter_agent.py", line 148, in __init__
[2m[33m(raylet)[0m     self._metrics_agent = MetricsAgent(dashboard_agent.metrics_export_port)
[2m[33m(raylet)[0m   File "/home/hice1/jpise3/scratch/conda/envs/soccertwos/lib/python3.8/site-packages/ray/_private/metrics_agent.py", line 75, in __init__
[2m[33m(raylet)[0m     prometheus_exporter.new_stats_exporter(
[2m[33m(raylet)[0m   File "/home/hice1/jpise3/scratch/conda/envs/soccertwos/lib/python3.8/site-packages/ray/_private/prometheus_exporter.py", line 333, in new_stats_exporter
[2m[33m(raylet)[0m     exporter = PrometheusStatsExporter(
[2m[33m(raylet)[0m   File "/home/hice1/jpise3/scratch/conda/envs/soccertwos/lib/python3.8/site-packages/ray/_private/prometheus_exporter.py", line 266, in __init__
[2m[33m(raylet)[0m     self.serve_http()
[2m[33m(raylet)[0m   File "/home/hice1/jpise3/scratch/conda/envs/soccertwos/lib/python3.8/site-packages/ray/_private/prometheus_exporter.py", line 320, in serve_http
[2m[33m(raylet)[0m     start_http_server(
[2m[33m(raylet)[0m   File "/home/hice1/jpise3/scratch/conda/envs/soccertwos/lib/python3.8/site-packages/prometheus_client/exposition.py", line 231, in start_wsgi_server
[2m[33m(raylet)[0m     TmpServer.address_family, addr = _get_best_family(addr, port)
[2m[33m(raylet)[0m   File "/home/hice1/jpise3/scratch/conda/envs/soccertwos/lib/python3.8/site-packages/prometheus_client/exposition.py", line 169, in _get_best_family
[2m[33m(raylet)[0m     infos = socket.getaddrinfo(address, port, type=socket.SOCK_STREAM, flags=socket.AI_PASSIVE)
[2m[33m(raylet)[0m   File "/home/hice1/jpise3/scratch/conda/envs/soccertwos/lib/python3.8/socket.py", line 930, in getaddrinfo
[2m[33m(raylet)[0m     for res in _socket.getaddrinfo(host, port, family, type, proto, flags):
[2m[33m(raylet)[0m socket.gaierror: [Errno -2] Name or service not known
[2m[36m(pid=3712615)[0m INFO:mlagents_envs.environment:Connected new brain: SoccerTwos?team=1
[2m[36m(pid=3712615)[0m INFO:mlagents_envs.environment:Connected new brain: SoccerTwos?team=0
[2m[36m(pid=3712614)[0m 2026-04-21 15:10:57,556	INFO ppo_tf_policy.py:327 -- `vf_share_layers=True` in your model. Therefore, remember to tune the value of `vf_loss_coeff`!
[2m[36m(pid=3712614)[0m 2026-04-21 15:10:57,564	INFO torch_policy.py:134 -- TorchPolicy (worker=local) running on CPU.
[2m[36m(pid=3712612)[0m INFO:mlagents_envs.environment:Connected new brain: SoccerTwos?team=1
[2m[36m(pid=3712612)[0m INFO:mlagents_envs.environment:Connected new brain: SoccerTwos?team=0
[2m[36m(pid=3712614)[0m 2026-04-21 15:10:57,623	INFO ppo_tf_policy.py:327 -- `vf_share_layers=True` in your model. Therefore, remember to tune the value of `vf_loss_coeff`!
[2m[36m(pid=3712614)[0m 2026-04-21 15:10:57,627	INFO torch_policy.py:134 -- TorchPolicy (worker=local) running on CPU.
[2m[36m(pid=3712614)[0m 2026-04-21 15:10:57,684	INFO ppo_tf_policy.py:327 -- `vf_share_layers=True` in your model. Therefore, remember to tune the value of `vf_loss_coeff`!
[2m[36m(pid=3712614)[0m 2026-04-21 15:10:57,689	INFO torch_policy.py:134 -- TorchPolicy (worker=local) running on CPU.
[2m[36m(pid=3712616)[0m INFO:mlagents_envs.environment:Connected to Unity environment with package version 2.1.0-exp.1 and communication version 1.5.0
[2m[36m(pid=3712614)[0m 2026-04-21 15:10:57,742	INFO ppo_tf_policy.py:327 -- `vf_share_layers=True` in your model. Therefore, remember to tune the value of `vf_loss_coeff`!
[2m[36m(pid=3712616)[0m INFO:mlagents_envs.environment:Connected new brain: SoccerTwos?team=1
[2m[36m(pid=3712616)[0m INFO:mlagents_envs.environment:Connected new brain: SoccerTwos?team=0
[2m[36m(pid=3712614)[0m 2026-04-21 15:10:57,746	INFO torch_policy.py:134 -- TorchPolicy (worker=local) running on CPU.
[2m[36m(pid=3712614)[0m 2026-04-21 15:10:57,789	INFO rollout_worker.py:1199 -- Built policy map: {'default': <ray.rllib.policy.policy_template.PPOTorchPolicy object at 0x1547b0aec520>, 'opponent_1': <ray.rllib.policy.policy_template.PPOTorchPolicy object at 0x1547b01c9700>, 'opponent_2': <ray.rllib.policy.policy_template.PPOTorchPolicy object at 0x1547b01ec340>, 'opponent_3': <ray.rllib.policy.policy_template.PPOTorchPolicy object at 0x1547b069b4c0>}
[2m[36m(pid=3712614)[0m 2026-04-21 15:10:57,789	INFO rollout_worker.py:1200 -- Built preprocessor map: {'default': <ray.rllib.models.preprocessors.NoPreprocessor object at 0x1547b0aec2b0>, 'opponent_1': <ray.rllib.models.preprocessors.NoPreprocessor object at 0x1547b069c310>, 'opponent_2': <ray.rllib.models.preprocessors.NoPreprocessor object at 0x1547b01c9dc0>, 'opponent_3': <ray.rllib.models.preprocessors.NoPreprocessor object at 0x1547b01ffee0>}
[2m[36m(pid=3712614)[0m 2026-04-21 15:10:57,790	INFO rollout_worker.py:583 -- Built filter map: {'default': <ray.rllib.utils.filter.NoFilter object at 0x1547b0aec280>, 'opponent_1': <ray.rllib.utils.filter.NoFilter object at 0x1547b02005e0>, 'opponent_2': <ray.rllib.utils.filter.NoFilter object at 0x1547b01edca0>, 'opponent_3': <ray.rllib.utils.filter.NoFilter object at 0x1547b0201e80>}
[2m[36m(pid=3712614)[0m 2026-04-21 15:10:57,794	WARNING util.py:53 -- Install gputil for GPU system monitoring.
[2m[36m(pid=3712613)[0m INFO:mlagents_envs.environment:Connected to Unity environment with package version 2.1.0-exp.1 and communication version 1.5.0
[2m[36m(pid=3712611)[0m INFO:mlagents_envs.environment:Connected to Unity environment with package version 2.1.0-exp.1 and communication version 1.5.0
[2m[36m(pid=3712609)[0m INFO:mlagents_envs.environment:Connected to Unity environment with package version 2.1.0-exp.1 and communication version 1.5.0
[2m[36m(pid=3712614)[0m 2026-04-21 15:10:57,797	INFO trainer.py:601 -- Worker crashed during call to train(). To attempt to continue training without the failed worker, set `'ignore_worker_failures': True`.
2026-04-21 15:10:57,803	ERROR trial_runner.py:748 -- Trial PPO_Soccer_cf10c_00000: Error processing event.
Traceback (most recent call last):
  File "/home/hice1/jpise3/scratch/conda/envs/soccertwos/lib/python3.8/site-packages/ray/tune/trial_runner.py", line 718, in _process_trial
    results = self.trial_executor.fetch_result(trial)
  File "/home/hice1/jpise3/scratch/conda/envs/soccertwos/lib/python3.8/site-packages/ray/tune/ray_trial_executor.py", line 688, in fetch_result
    result = ray.get(trial_future[0], timeout=DEFAULT_GET_TIMEOUT)
  File "/home/hice1/jpise3/scratch/conda/envs/soccertwos/lib/python3.8/site-packages/ray/_private/client_mode_hook.py", line 62, in wrapper
    return func(*args, **kwargs)
  File "/home/hice1/jpise3/scratch/conda/envs/soccertwos/lib/python3.8/site-packages/ray/worker.py", line 1494, in get
    raise value.as_instanceof_cause()
ray.exceptions.RayTaskError: [36mray::PPO.train_buffered()[39m (pid=3712614, ip=172.27.146.140)
  File "python/ray/_raylet.pyx", line 501, in ray._raylet.execute_task
  File "python/ray/_raylet.pyx", line 451, in ray._raylet.execute_task.function_executor
  File "/home/hice1/jpise3/scratch/conda/envs/soccertwos/lib/python3.8/site-packages/ray/_private/function_manager.py", line 563, in actor_method_executor
    return method(__ray_actor, *args, **kwargs)
  File "/home/hice1/jpise3/scratch/conda/envs/soccertwos/lib/python3.8/site-packages/ray/tune/trainable.py", line 173, in train_buffered
    result = self.train()
  File "/home/hice1/jpise3/scratch/conda/envs/soccertwos/lib/python3.8/site-packages/ray/rllib/agents/trainer.py", line 605, in train
    raise e
  File "/home/hice1/jpise3/scratch/conda/envs/soccertwos/lib/python3.8/site-packages/ray/rllib/agents/trainer.py", line 594, in train
    result = Trainable.train(self)
  File "/home/hice1/jpise3/scratch/conda/envs/soccertwos/lib/python3.8/site-packages/ray/tune/trainable.py", line 232, in train
    result = self.step()
  File "/home/hice1/jpise3/scratch/conda/envs/soccertwos/lib/python3.8/site-packages/ray/rllib/agents/trainer_template.py", line 173, in step
    res = next(self.train_exec_impl)
  File "/home/hice1/jpise3/scratch/conda/envs/soccertwos/lib/python3.8/site-packages/ray/util/iter.py", line 756, in __next__
    return next(self.built_iterator)
  File "/home/hice1/jpise3/scratch/conda/envs/soccertwos/lib/python3.8/site-packages/ray/util/iter.py", line 783, in apply_foreach
    for item in it:
  File "/home/hice1/jpise3/scratch/conda/envs/soccertwos/lib/python3.8/site-packages/ray/util/iter.py", line 783, in apply_foreach
    for item in it:
  File "/home/hice1/jpise3/scratch/conda/envs/soccertwos/lib/python3.8/site-packages/ray/util/iter.py", line 843, in apply_filter
    for item in it:
  File "/home/hice1/jpise3/scratch/conda/envs/soccertwos/lib/python3.8/site-packages/ray/util/iter.py", line 843, in apply_filter
    for item in it:
  File "/home/hice1/jpise3/scratch/conda/envs/soccertwos/lib/python3.8/site-packages/ray/util/iter.py", line 783, in apply_foreach
    for item in it:
  File "/home/hice1/jpise3/scratch/conda/envs/soccertwos/lib/python3.8/site-packages/ray/util/iter.py", line 783, in apply_foreach
    for item in it:
  File "/home/hice1/jpise3/scratch/conda/envs/soccertwos/lib/python3.8/site-packages/ray/util/iter.py", line 783, in apply_foreach
    for item in it:
  [Previous line repeated 1 more time]
  File "/home/hice1/jpise3/scratch/conda/envs/soccertwos/lib/python3.8/site-packages/ray/util/iter.py", line 876, in apply_flatten
    for item in it:
  File "/home/hice1/jpise3/scratch/conda/envs/soccertwos/lib/python3.8/site-packages/ray/util/iter.py", line 828, in add_wait_hooks
    item = next(it)
  File "/home/hice1/jpise3/scratch/conda/envs/soccertwos/lib/python3.8/site-packages/ray/util/iter.py", line 783, in apply_foreach
    for item in it:
  File "/home/hice1/jpise3/scratch/conda/envs/soccertwos/lib/python3.8/site-packages/ray/util/iter.py", line 783, in apply_foreach
    for item in it:
  File "/home/hice1/jpise3/scratch/conda/envs/soccertwos/lib/python3.8/site-packages/ray/util/iter.py", line 783, in apply_foreach
    for item in it:
  [Previous line repeated 1 more time]
  File "/home/hice1/jpise3/scratch/conda/envs/soccertwos/lib/python3.8/site-packages/ray/util/iter.py", line 466, in base_iterator
    actor_set.init_actors()
  File "/home/hice1/jpise3/scratch/conda/envs/soccertwos/lib/python3.8/site-packages/ray/util/iter.py", line 1237, in init_actors
    ray.get([a.par_iter_init.remote(self.transforms) for a in self.actors])
  File "/home/hice1/jpise3/scratch/conda/envs/soccertwos/lib/python3.8/site-packages/ray/_private/client_mode_hook.py", line 62, in wrapper
    return func(*args, **kwargs)
ray.exceptions.RayActorError: The actor died because of an error raised in its creation task, [36mray::RolloutWorker.__init__()[39m (pid=3712599, ip=172.27.146.140)
  File "/home/hice1/jpise3/scratch/conda/envs/soccertwos/lib/python3.8/site-packages/grpc/_server.py", line 1473, in add_insecure_port
    return _common.validate_port_binding_result(
  File "/home/hice1/jpise3/scratch/conda/envs/soccertwos/lib/python3.8/site-packages/grpc/_common.py", line 181, in validate_port_binding_result
    raise RuntimeError(_ERROR_MESSAGE_PORT_BINDING_FAILED % address)
RuntimeError: Failed to bind to address [::]:53362; set GRPC_VERBOSITY=debug environment variable to see detailed error message.

During handling of the above exception, another exception occurred:

[36mray::RolloutWorker.__init__()[39m (pid=3712599, ip=172.27.146.140)
  File "python/ray/_raylet.pyx", line 490, in ray._raylet.execute_task
  File "python/ray/_raylet.pyx", line 497, in ray._raylet.execute_task
  File "python/ray/_raylet.pyx", line 501, in ray._raylet.execute_task
  File "python/ray/_raylet.pyx", line 451, in ray._raylet.execute_task.function_executor
  File "/home/hice1/jpise3/scratch/conda/envs/soccertwos/lib/python3.8/site-packages/ray/_private/function_manager.py", line 563, in actor_method_executor
    return method(__ray_actor, *args, **kwargs)
  File "/home/hice1/jpise3/scratch/conda/envs/soccertwos/lib/python3.8/site-packages/ray/rllib/evaluation/rollout_worker.py", line 594, in __init__
    self.async_env: BaseEnv = BaseEnv.to_base_env(
  File "/home/hice1/jpise3/scratch/conda/envs/soccertwos/lib/python3.8/site-packages/ray/rllib/env/base_env.py", line 108, in to_base_env
    env = _MultiAgentEnvToBaseEnv(
  File "/home/hice1/jpise3/scratch/conda/envs/soccertwos/lib/python3.8/site-packages/ray/rllib/env/base_env.py", line 402, in __init__
    self.envs.append(self.make_env(len(self.envs)))
  File "/home/hice1/jpise3/scratch/conda/envs/soccertwos/lib/python3.8/site-packages/ray/rllib/evaluation/rollout_worker.py", line 469, in make_env
    env_creator(
  File "/storage/ice1/3/0/jpise3/soccer-twos-starter/utils.py", line 58, in create_rllib_env
    env = soccer_twos.make(**env_config)
  File "/home/hice1/jpise3/scratch/conda/envs/soccertwos/lib/python3.8/site-packages/soccer_twos/__init__.py", line 89, in make
    unity_env = UnityEnvironment(
  File "/home/hice1/jpise3/scratch/conda/envs/soccertwos/lib/python3.8/site-packages/mlagents_envs/environment.py", line 187, in __init__
    self._communicator = self._get_communicator(worker_id, base_port, timeout_wait)
  File "/home/hice1/jpise3/scratch/conda/envs/soccertwos/lib/python3.8/site-packages/mlagents_envs/environment.py", line 252, in _get_communicator
    return RpcCommunicator(worker_id, base_port, timeout_wait)
  File "/home/hice1/jpise3/scratch/conda/envs/soccertwos/lib/python3.8/site-packages/mlagents_envs/rpc_communicator.py", line 51, in __init__
    self.create_server()
  File "/home/hice1/jpise3/scratch/conda/envs/soccertwos/lib/python3.8/site-packages/mlagents_envs/rpc_communicator.py", line 72, in create_server
    raise UnityWorkerInUseException(self.worker_id)
mlagents_envs.exception.UnityWorkerInUseException: Couldn't start socket communication because worker number 3323 is still in use. You may need to manually close a previously opened environment or use a different worker number.
[2m[36m(pid=3712613)[0m INFO:mlagents_envs.environment:Connected new brain: SoccerTwos?team=1
[2m[36m(pid=3712613)[0m INFO:mlagents_envs.environment:Connected new brain: SoccerTwos?team=0
[2m[36m(pid=3712611)[0m INFO:mlagents_envs.environment:Connected new brain: SoccerTwos?team=1
[2m[36m(pid=3712611)[0m INFO:mlagents_envs.environment:Connected new brain: SoccerTwos?team=0
[2m[36m(pid=3712609)[0m INFO:mlagents_envs.environment:Connected new brain: SoccerTwos?team=1
[2m[36m(pid=3712609)[0m INFO:mlagents_envs.environment:Connected new brain: SoccerTwos?team=0
[2m[36m(pid=3712614)[0m 2026-04-21 15:10:58,498	ERROR worker_set.py:153 -- Failed to stop workers
[2m[36m(pid=3712614)[0m Traceback (most recent call last):
[2m[36m(pid=3712614)[0m   File "/home/hice1/jpise3/scratch/conda/envs/soccertwos/lib/python3.8/site-packages/ray/rllib/evaluation/worker_set.py", line 151, in stop
[2m[36m(pid=3712614)[0m     ray.get(tids)
[2m[36m(pid=3712614)[0m   File "/home/hice1/jpise3/scratch/conda/envs/soccertwos/lib/python3.8/site-packages/ray/_private/client_mode_hook.py", line 62, in wrapper
[2m[36m(pid=3712614)[0m     return func(*args, **kwargs)
[2m[36m(pid=3712614)[0m   File "/home/hice1/jpise3/scratch/conda/envs/soccertwos/lib/python3.8/site-packages/ray/worker.py", line 1496, in get
[2m[36m(pid=3712614)[0m     raise value
[2m[36m(pid=3712614)[0m ray.exceptions.RayActorError: The actor died because of an error raised in its creation task, [36mray::RolloutWorker.__init__()[39m (pid=3712599, ip=172.27.146.140)
[2m[36m(pid=3712614)[0m   File "/home/hice1/jpise3/scratch/conda/envs/soccertwos/lib/python3.8/site-packages/grpc/_server.py", line 1473, in add_insecure_port
[2m[36m(pid=3712614)[0m     return _common.validate_port_binding_result(
[2m[36m(pid=3712614)[0m   File "/home/hice1/jpise3/scratch/conda/envs/soccertwos/lib/python3.8/site-packages/grpc/_common.py", line 181, in validate_port_binding_result
[2m[36m(pid=3712614)[0m     raise RuntimeError(_ERROR_MESSAGE_PORT_BINDING_FAILED % address)
[2m[36m(pid=3712614)[0m RuntimeError: Failed to bind to address [::]:53362; set GRPC_VERBOSITY=debug environment variable to see detailed error message.
[2m[36m(pid=3712614)[0m 
[2m[36m(pid=3712614)[0m During handling of the above exception, another exception occurred:
[2m[36m(pid=3712614)[0m 
[2m[36m(pid=3712614)[0m [36mray::RolloutWorker.__init__()[39m (pid=3712599, ip=172.27.146.140)
[2m[36m(pid=3712614)[0m   File "python/ray/_raylet.pyx", line 490, in ray._raylet.execute_task
[2m[36m(pid=3712614)[0m   File "python/ray/_raylet.pyx", line 497, in ray._raylet.execute_task
[2m[36m(pid=3712614)[0m   File "python/ray/_raylet.pyx", line 501, in ray._raylet.execute_task
[2m[36m(pid=3712614)[0m   File "python/ray/_raylet.pyx", line 451, in ray._raylet.execute_task.function_executor
[2m[36m(pid=3712614)[0m   File "/home/hice1/jpise3/scratch/conda/envs/soccertwos/lib/python3.8/site-packages/ray/_private/function_manager.py", line 563, in actor_method_executor
[2m[36m(pid=3712614)[0m     return method(__ray_actor, *args, **kwargs)
[2m[36m(pid=3712614)[0m   File "/home/hice1/jpise3/scratch/conda/envs/soccertwos/lib/python3.8/site-packages/ray/rllib/evaluation/rollout_worker.py", line 594, in __init__
[2m[36m(pid=3712614)[0m     self.async_env: BaseEnv = BaseEnv.to_base_env(
[2m[36m(pid=3712614)[0m   File "/home/hice1/jpise3/scratch/conda/envs/soccertwos/lib/python3.8/site-packages/ray/rllib/env/base_env.py", line 108, in to_base_env
[2m[36m(pid=3712614)[0m     env = _MultiAgentEnvToBaseEnv(
[2m[36m(pid=3712614)[0m   File "/home/hice1/jpise3/scratch/conda/envs/soccertwos/lib/python3.8/site-packages/ray/rllib/env/base_env.py", line 402, in __init__
[2m[36m(pid=3712614)[0m     self.envs.append(self.make_env(len(self.envs)))
[2m[36m(pid=3712614)[0m   File "/home/hice1/jpise3/scratch/conda/envs/soccertwos/lib/python3.8/site-packages/ray/rllib/evaluation/rollout_worker.py", line 469, in make_env
[2m[36m(pid=3712614)[0m     env_creator(
[2m[36m(pid=3712614)[0m   File "/storage/ice1/3/0/jpise3/soccer-twos-starter/utils.py", line 58, in create_rllib_env
[2m[36m(pid=3712614)[0m     env = soccer_twos.make(**env_config)
[2m[36m(pid=3712614)[0m   File "/home/hice1/jpise3/scratch/conda/envs/soccertwos/lib/python3.8/site-packages/soccer_twos/__init__.py", line 89, in make
[2m[36m(pid=3712614)[0m     unity_env = UnityEnvironment(
[2m[36m(pid=3712614)[0m   File "/home/hice1/jpise3/scratch/conda/envs/soccertwos/lib/python3.8/site-packages/mlagents_envs/environment.py", line 187, in __init__
[2m[36m(pid=3712614)[0m     self._communicator = self._get_communicator(worker_id, base_port, timeout_wait)
[2m[36m(pid=3712614)[0m   File "/home/hice1/jpise3/scratch/conda/envs/soccertwos/lib/python3.8/site-packages/mlagents_envs/environment.py", line 252, in _get_communicator
[2m[36m(pid=3712614)[0m     return RpcCommunicator(worker_id, base_port, timeout_wait)
[2m[36m(pid=3712614)[0m   File "/home/hice1/jpise3/scratch/conda/envs/soccertwos/lib/python3.8/site-packages/mlagents_envs/rpc_communicator.py", line 51, in __init__
[2m[36m(pid=3712614)[0m     self.create_server()
[2m[36m(pid=3712614)[0m   File "/home/hice1/jpise3/scratch/conda/envs/soccertwos/lib/python3.8/site-packages/mlagents_envs/rpc_communicator.py", line 72, in create_server
[2m[36m(pid=3712614)[0m     raise UnityWorkerInUseException(self.worker_id)
[2m[36m(pid=3712614)[0m mlagents_envs.exception.UnityWorkerInUseException: Couldn't start socket communication because worker number 3323 is still in use. You may need to manually close a previously opened environment or use a different worker number.
== Status ==
Memory usage on this node: 17.6/187.1 GiB
Using FIFO scheduling algorithm.
Resources requested: 0/24 CPUs, 0/0 GPUs, 0.0/111.6 GiB heap, 0.0/51.82 GiB objects
Result logdir: /storage/ice1/3/0/jpise3/soccer-twos-starter/ray_results/PPO_selfplay_baseline
Number of trials: 1/1 (1 PENDING)
+------------------------+----------+-------+
| Trial name             | status   | loc   |
|------------------------+----------+-------|
| PPO_Soccer_cf10c_00000 | PENDING  |       |
+------------------------+----------+-------+


[2m[36m(pid=3712616)[0m [INFO] Connected to Unity environment with package version 2.1.0-exp.1 and communication version 1.5.0
[2m[36m(pid=3712613)[0m [INFO] Connected to Unity environment with package version 2.1.0-exp.1 and communication version 1.5.0
[2m[36m(pid=3712611)[0m [INFO] Connected to Unity environment with package version 2.1.0-exp.1 and communication version 1.5.0
[2m[36m(pid=3712615)[0m [INFO] Connected to Unity environment with package version 2.1.0-exp.1 and communication version 1.5.0
[2m[36m(pid=3712616)[0m [INFO] Connected new brain: SoccerTwos?team=1
[2m[36m(pid=3712616)[0m [INFO] Connected new brain: SoccerTwos?team=0
[2m[36m(pid=3712613)[0m [INFO] Connected new brain: SoccerTwos?team=1
[2m[36m(pid=3712613)[0m [INFO] Connected new brain: SoccerTwos?team=0
[2m[36m(pid=3712615)[0m [INFO] Connected new brain: SoccerTwos?team=1
[2m[36m(pid=3712615)[0m [INFO] Connected new brain: SoccerTwos?team=0
[2m[36m(pid=3712599)[0m [INFO] Connected to Unity environment with package version 2.1.0-exp.1 and communication version 1.5.0
[2m[36m(pid=3712607)[0m [INFO] Connected to Unity environment with package version 2.1.0-exp.1 and communication version 1.5.0
[2m[36m(pid=3712609)[0m [INFO] Connected to Unity environment with package version 2.1.0-exp.1 and communication version 1.5.0
[2m[36m(pid=3712612)[0m [INFO] Connected to Unity environment with package version 2.1.0-exp.1 and communication version 1.5.0
[2m[36m(pid=3712611)[0m [INFO] Connected new brain: SoccerTwos?team=1
[2m[36m(pid=3712611)[0m [INFO] Connected new brain: SoccerTwos?team=0
[2m[36m(pid=3712599)[0m [INFO] Connected new brain: SoccerTwos?team=1
[2m[36m(pid=3712599)[0m [INFO] Connected new brain: SoccerTwos?team=0
[2m[36m(pid=3712609)[0m [INFO] Connected new brain: SoccerTwos?team=1
[2m[36m(pid=3712609)[0m [INFO] Connected new brain: SoccerTwos?team=0
[2m[36m(pid=3712612)[0m [INFO] Connected new brain: SoccerTwos?team=1
[2m[36m(pid=3712612)[0m [INFO] Connected new brain: SoccerTwos?team=0
[2m[36m(pid=3712607)[0m [INFO] Connected new brain: SoccerTwos?team=1
[2m[36m(pid=3712607)[0m [INFO] Connected new brain: SoccerTwos?team=0
[2m[36m(pid=3712615)[0m [INFO] Connected to Unity environment with package version 2.1.0-exp.1 and communication version 1.5.0
[2m[36m(pid=3712607)[0m [INFO] Connected to Unity environment with package version 2.1.0-exp.1 and communication version 1.5.0
[2m[36m(pid=3712612)[0m [INFO] Connected to Unity environment with package version 2.1.0-exp.1 and communication version 1.5.0
[2m[36m(pid=3712615)[0m [INFO] Connected new brain: SoccerTwos?team=1
[2m[36m(pid=3712615)[0m [INFO] Connected new brain: SoccerTwos?team=0
[2m[36m(pid=3712607)[0m [INFO] Connected new brain: SoccerTwos?team=1
[2m[36m(pid=3712607)[0m [INFO] Connected new brain: SoccerTwos?team=0
[2m[36m(pid=3712612)[0m [INFO] Connected new brain: SoccerTwos?team=1
[2m[36m(pid=3712612)[0m [INFO] Connected new brain: SoccerTwos?team=0
[2m[36m(pid=3712616)[0m [INFO] Connected to Unity environment with package version 2.1.0-exp.1 and communication version 1.5.0
[2m[36m(pid=3712616)[0m [INFO] Connected new brain: SoccerTwos?team=1
[2m[36m(pid=3712616)[0m [INFO] Connected new brain: SoccerTwos?team=0
[2m[36m(pid=3712613)[0m [INFO] Connected to Unity environment with package version 2.1.0-exp.1 and communication version 1.5.0
[2m[36m(pid=3712611)[0m [INFO] Connected to Unity environment with package version 2.1.0-exp.1 and communication version 1.5.0
[2m[36m(pid=3712599)[0m [INFO] Connected to Unity environment with package version 2.1.0-exp.1 and communication version 1.5.0
[2m[36m(pid=3712609)[0m [INFO] Connected to Unity environment with package version 2.1.0-exp.1 and communication version 1.5.0
[2m[36m(pid=3712613)[0m [INFO] Connected new brain: SoccerTwos?team=1
[2m[36m(pid=3712613)[0m [INFO] Connected new brain: SoccerTwos?team=0
[2m[36m(pid=3712611)[0m [INFO] Connected new brain: SoccerTwos?team=1
[2m[36m(pid=3712611)[0m [INFO] Connected new brain: SoccerTwos?team=0
[2m[36m(pid=3712599)[0m [INFO] Connected new brain: SoccerTwos?team=1
[2m[36m(pid=3712599)[0m [INFO] Connected new brain: SoccerTwos?team=0
[2m[36m(pid=3712609)[0m [INFO] Connected new brain: SoccerTwos?team=1
[2m[36m(pid=3712609)[0m [INFO] Connected new brain: SoccerTwos?team=0
[2m[36m(pid=3712607)[0m [INFO] Connected to Unity environment with package version 2.1.0-exp.1 and communication version 1.5.0
[2m[36m(pid=3712607)[0m [INFO] Connected new brain: SoccerTwos?team=1
[2m[36m(pid=3712607)[0m [INFO] Connected new brain: SoccerTwos?team=0
[2m[36m(pid=3712615)[0m [INFO] Connected to Unity environment with package version 2.1.0-exp.1 and communication version 1.5.0
[2m[36m(pid=3712612)[0m [INFO] Connected to Unity environment with package version 2.1.0-exp.1 and communication version 1.5.0
[2m[36m(pid=3712615)[0m [INFO] Connected new brain: SoccerTwos?team=1
[2m[36m(pid=3712615)[0m [INFO] Connected new brain: SoccerTwos?team=0
[2m[36m(pid=3712612)[0m [INFO] Connected new brain: SoccerTwos?team=1
[2m[36m(pid=3712612)[0m [INFO] Connected new brain: SoccerTwos?team=0
[2m[36m(pid=3712616)[0m [INFO] Connected to Unity environment with package version 2.1.0-exp.1 and communication version 1.5.0
[2m[36m(pid=3712616)[0m [INFO] Connected new brain: SoccerTwos?team=1
[2m[36m(pid=3712616)[0m [INFO] Connected new brain: SoccerTwos?team=0
[2m[36m(pid=3712613)[0m [INFO] Connected to Unity environment with package version 2.1.0-exp.1 and communication version 1.5.0
[2m[36m(pid=3712611)[0m [INFO] Connected to Unity environment with package version 2.1.0-exp.1 and communication version 1.5.0
[2m[36m(pid=3712609)[0m [INFO] Connected to Unity environment with package version 2.1.0-exp.1 and communication version 1.5.0
Result for PPO_Soccer_cf10c_00000:
  {}
  
== Status ==
Memory usage on this node: 20.4/187.1 GiB
Using FIFO scheduling algorithm.
Resources requested: 0/24 CPUs, 0/0 GPUs, 0.0/111.6 GiB heap, 0.0/51.82 GiB objects
Result logdir: /storage/ice1/3/0/jpise3/soccer-twos-starter/ray_results/PPO_selfplay_baseline
Number of trials: 1/1 (1 ERROR)
+------------------------+----------+-------+
| Trial name             | status   | loc   |
|------------------------+----------+-------|
| PPO_Soccer_cf10c_00000 | ERROR    |       |
+------------------------+----------+-------+
Number of errored trials: 1
+------------------------+--------------+---------------------------------------------------------------------------------------------------------------------------------------+
| Trial name             |   # failures | error file                                                                                                                            |
|------------------------+--------------+---------------------------------------------------------------------------------------------------------------------------------------|
| PPO_Soccer_cf10c_00000 |            1 | /storage/ice1/3/0/jpise3/soccer-twos-starter/ray_results/PPO_selfplay_baseline/PPO_Soccer_cf10c_00000_0_2026-04-21_15-10-49/error.txt |
+------------------------+--------------+---------------------------------------------------------------------------------------------------------------------------------------+

== Status ==
Memory usage on this node: 20.4/187.1 GiB
Using FIFO scheduling algorithm.
Resources requested: 0/24 CPUs, 0/0 GPUs, 0.0/111.6 GiB heap, 0.0/51.82 GiB objects
Result logdir: /storage/ice1/3/0/jpise3/soccer-twos-starter/ray_results/PPO_selfplay_baseline
Number of trials: 1/1 (1 ERROR)
+------------------------+----------+-------+
| Trial name             | status   | loc   |
|------------------------+----------+-------|
| PPO_Soccer_cf10c_00000 | ERROR    |       |
+------------------------+----------+-------+
Number of errored trials: 1
+------------------------+--------------+---------------------------------------------------------------------------------------------------------------------------------------+
| Trial name             |   # failures | error file                                                                                                                            |
|------------------------+--------------+---------------------------------------------------------------------------------------------------------------------------------------|
| PPO_Soccer_cf10c_00000 |            1 | /storage/ice1/3/0/jpise3/soccer-twos-starter/ray_results/PPO_selfplay_baseline/PPO_Soccer_cf10c_00000_0_2026-04-21_15-10-49/error.txt |
+------------------------+--------------+---------------------------------------------------------------------------------------------------------------------------------------+

[2m[36m(pid=3712613)[0m [INFO] Connected new brain: SoccerTwos?team=1
[2m[36m(pid=3712613)[0m [INFO] Connected new brain: SoccerTwos?team=0
[2m[36m(pid=3712611)[0m [INFO] Connected new brain: SoccerTwos?team=1
[2m[36m(pid=3712611)[0m [INFO] Connected new brain: SoccerTwos?team=0
[2m[36m(pid=3712609)[0m [INFO] Connected new brain: SoccerTwos?team=1
[2m[36m(pid=3712609)[0m [INFO] Connected new brain: SoccerTwos?team=0
Traceback (most recent call last):
  File "train_ray_selfplay_baseline.py", line 44, in <module>
    tune.run(
  File "/home/hice1/jpise3/scratch/conda/envs/soccertwos/lib/python3.8/site-packages/ray/tune/tune.py", line 543, in run
    raise TuneError("Trials did not complete", incomplete_trials)
ray.tune.error.TuneError: ('Trials did not complete', [PPO_Soccer_cf10c_00000])
---------------------------------------
Begin Slurm Epilog: Apr-21-2026 15:11:00
Job ID:        5032297
User ID:       jpise3
Account:       coc
Job name:      soccertwos_baseline
Resources:     cpu=16,mem=64G,node=1
Rsrc Used:     cput=00:05:04,vmem=0,walltime=00:00:19,mem=4664056K,energy_used=0
Partition:     coc-cpu
QOS:           coc-ice
Nodes:         atl1-1-02-010-2-1
---------------------------------------
