---------------------------------------
Begin Slurm Prolog: Apr-21-2026 17:16:58
Job ID:    5032903
User ID:   jpise3
Account:   coc
Job name:  soccertwos_shaped
Partition: coc-cpu
QOS:       coc-ice
---------------------------------------
/home/hice1/jpise3/scratch/conda/envs/soccertwos/lib/python3.8/site-packages/ray/autoscaler/_private/cli_logger.py:57: FutureWarning: Not all Ray CLI dependencies were found. In Ray 1.4+, the Ray CLI, autoscaler, and dashboard will only be usable via `pip install 'ray[default]'`. Please update your install command.
  warnings.warn(
Traceback (most recent call last):
  File "train_ray_selfplay_shaped.py", line 40, in <module>
    temp_env = create_rllib_env({"shaped_reward": True})
  File "/storage/ice1/3/0/jpise3/soccer-twos-starter/utils.py", line 176, in create_rllib_env
    env = soccer_twos.make(**make_config)
  File "/home/hice1/jpise3/scratch/conda/envs/soccertwos/lib/python3.8/site-packages/soccer_twos/__init__.py", line 89, in make
    unity_env = UnityEnvironment(
  File "/home/hice1/jpise3/scratch/conda/envs/soccertwos/lib/python3.8/site-packages/mlagents_envs/environment.py", line 187, in __init__
    self._communicator = self._get_communicator(worker_id, base_port, timeout_wait)
  File "/home/hice1/jpise3/scratch/conda/envs/soccertwos/lib/python3.8/site-packages/mlagents_envs/environment.py", line 252, in _get_communicator
    return RpcCommunicator(worker_id, base_port, timeout_wait)
  File "/home/hice1/jpise3/scratch/conda/envs/soccertwos/lib/python3.8/site-packages/mlagents_envs/rpc_communicator.py", line 51, in __init__
    self.create_server()
  File "/home/hice1/jpise3/scratch/conda/envs/soccertwos/lib/python3.8/site-packages/mlagents_envs/rpc_communicator.py", line 57, in create_server
    self.check_port(self.port)
  File "/home/hice1/jpise3/scratch/conda/envs/soccertwos/lib/python3.8/site-packages/mlagents_envs/rpc_communicator.py", line 84, in check_port
    s.bind(("localhost", port))
OverflowError: bind(): port must be 0-65535.
Error in atexit._run_exitfuncs:
Traceback (most recent call last):
  File "/home/hice1/jpise3/scratch/conda/envs/soccertwos/lib/python3.8/site-packages/mlagents_envs/environment.py", line 424, in _close
    self._communicator.close()
AttributeError: 'UnityEnvironment' object has no attribute '_communicator'
---------------------------------------
Begin Slurm Epilog: Apr-21-2026 17:18:37
Job ID:        5032903
User ID:       jpise3
Account:       coc
Job name:      soccertwos_shaped
Resources:     cpu=16,mem=64G,node=1
Rsrc Used:     cput=00:26:40,vmem=0,walltime=00:01:40,mem=1937160K,energy_used=0
Partition:     coc-cpu
QOS:           coc-ice
Nodes:         atl1-1-03-007-27-2
---------------------------------------
